<?xml version="1.0" encoding="UTF-8"?>
<testng-results ignored="2" total="8" passed="6" failed="0" skipped="0">
  <reporter-output>
  </reporter-output>
  <suite started-at="2023-08-17T07:39:42 GMT" name="TestSuite" finished-at="2023-08-17T07:39:42 GMT" duration-ms="69">
    <groups>
    </groups>
    <test started-at="2023-08-17T07:39:42 GMT" name="ModuleTest1" finished-at="2023-08-17T07:39:42 GMT" duration-ms="69">
      <class name="com.sampletestng.SampleClass">
        <test-method signature="testFour()[pri:0, instance:com.sampletestng.SampleClass@1eb5174b]" started-at="2023-08-17T07:39:42 GMT" name="testFour" finished-at="2023-08-17T07:39:42 GMT" duration-ms="10" status="PASS">
          <reporter-output>
          </reporter-output>
        </test-method> <!-- testFour -->
        <test-method signature="testThree()[pri:0, instance:com.sampletestng.SampleClass@1eb5174b]" started-at="2023-08-17T07:39:42 GMT" name="testThree" finished-at="2023-08-17T07:39:42 GMT" duration-ms="2" status="PASS">
          <reporter-output>
          </reporter-output>
        </test-method> <!-- testThree -->
        <test-method signature="testTwo()[pri:0, instance:com.sampletestng.SampleClass@1eb5174b]" started-at="2023-08-17T07:39:42 GMT" name="testTwo" finished-at="2023-08-17T07:39:42 GMT" duration-ms="1" status="PASS">
          <reporter-output>
          </reporter-output>
        </test-method> <!-- testTwo -->
      </class> <!-- com.sampletestng.SampleClass -->
      <class name="com.sampletestng.SampleClassThree">
        <test-method signature="testFour()[pri:0, instance:com.sampletestng.SampleClassThree@67080771]" started-at="2023-08-17T07:39:42 GMT" name="testFour" finished-at="2023-08-17T07:39:42 GMT" duration-ms="1" status="PASS">
          <reporter-output>
          </reporter-output>
        </test-method> <!-- testFour -->
        <test-method signature="testThree()[pri:0, instance:com.sampletestng.SampleClassThree@67080771]" started-at="2023-08-17T07:39:42 GMT" name="testThree" finished-at="2023-08-17T07:39:42 GMT" duration-ms="3" status="PASS">
          <reporter-output>
          </reporter-output>
        </test-method> <!-- testThree -->
        <test-method signature="testTwo()[pri:0, instance:com.sampletestng.SampleClassThree@67080771]" started-at="2023-08-17T07:39:42 GMT" name="testTwo" finished-at="2023-08-17T07:39:42 GMT" duration-ms="2" status="PASS">
          <reporter-output>
          </reporter-output>
        </test-method> <!-- testTwo -->
      </class> <!-- com.sampletestng.SampleClassThree -->
    </test> <!-- ModuleTest1 -->
  </suite> <!-- TestSuite -->
</testng-results>
