<?xml version="1.0" encoding="UTF-8"?>
<!-- Generated by org.testng.reporters.JUnitXMLReporter -->
<testsuite ignored="1" hostname="EC2AMAZ-S11DBRH" failures="0" tests="1" name="Default test(failed)" time="7.019" errors="0" timestamp="2023-08-17T06:16:28 GMT">
  <testcase classname="com.sampletestng.FirstTestNgScript" name="validateTitle" time="3.943"/>
  <testcase classname="com.sampletestng.FirstTestNgScript" name="fillSamplePageTest" time="0.0">
    <ignored/>
  </testcase> <!-- fillSamplePageTest -->
</testsuite> <!-- Default test(failed) -->
