<?xml version="1.0" encoding="UTF-8"?>
<!-- Generated by org.testng.reporters.JUnitXMLReporter -->
<testsuite ignored="2" hostname="EC2AMAZ-S11DBRH" failures="0" tests="6" name="ModuleTest1" time="0.069" errors="0" timestamp="2023-08-17T07:39:42 GMT">
  <testcase classname="com.sampletestng.SampleClass" name="testFour" time="0.01"/>
  <testcase classname="com.sampletestng.SampleClass" name="testThree" time="0.002"/>
  <testcase classname="com.sampletestng.SampleClass" name="testTwo" time="0.001"/>
  <testcase classname="com.sampletestng.SampleClassThree" name="testFour" time="0.001"/>
  <testcase classname="com.sampletestng.SampleClassThree" name="testThree" time="0.003"/>
  <testcase classname="com.sampletestng.SampleClassThree" name="testTwo" time="0.002"/>
  <testcase classname="com.sampletestng.SampleClass" name="testOne" time="0.0">
    <ignored/>
  </testcase> <!-- testOne -->
  <testcase classname="com.sampletestng.SampleClassThree" name="testOne" time="0.0">
    <ignored/>
  </testcase> <!-- testOne -->
</testsuite> <!-- ModuleTest1 -->
