<?xml version="1.0" encoding="UTF-8"?>
<!-- Generated by org.testng.reporters.JUnitXMLReporter -->
<testsuite ignored="0" hostname="EC2AMAZ-S11DBRH" failures="0" tests="3" name="ModuleTest1" time="22.878" errors="0" timestamp="2023-08-17T05:47:32 GMT">
  <testcase classname="com.sampletestng.FirstTestNgScript" name="fillSamplePageTest" time="9.828"/>
  <testcase classname="com.sampletestng.FirstTestNgScript" name="validateTitle" time="3.964"/>
  <testcase classname="com.sampletestng.SecondTestNGScript" name="testHerkuapp" time="3.401"/>
</testsuite> <!-- ModuleTest1 -->
